[35m[1mConsolidate compiler generated dependencies of target go_scan[0m
[ 50%] Built target go_rot
[ 75%] [32mBuilding CXX object CMakeFiles/go_scan.dir/src/go_scan.cpp.o[0m
[01m[K/home/kohjj27/my_ws/src/wanderbot/src/go_scan.cpp:10:2:[m[K [01;31m[Kerror: [m[Kinvalid preprocessing directive #incldue; did you mean #include?
   10 | #[01;31m[Kincldue[m[K "sensor_msgs/msg/laser_scan.hpp"
      |  [01;31m[K^~~~~~~[m[K
      |  [32m[Kinclude[m[K
[01m[K/home/kohjj27/my_ws/src/wanderbot/src/go_scan.cpp:35:36:[m[K [01;31m[Kerror: [m[Kâ€˜[01m[Ksensor_msgs[m[Kâ€™ does not name a type
   35 |                 void scan_cb(const [01;31m[Ksensor_msgs[m[K::msg::LaserScan::Sharedtr msg) {
      |                                    [01;31m[K^~~~~~~~~~~[m[K
[01m[K/home/kohjj27/my_ws/src/wanderbot/src/go_scan.cpp:35:52:[m[K [01;31m[Kerror: [m[Kexpected unqualified-id before â€˜[01m[K::[m[Kâ€™ token
   35 |                 void scan_cb(const sensor_msgs::msg[01;31m[K::[m[KLaserScan::Sharedtr msg) {
      |                                                    [01;31m[K^~[m[K
[01m[K/home/kohjj27/my_ws/src/wanderbot/src/go_scan.cpp:35:52:[m[K [01;31m[Kerror: [m[Kexpected â€˜[01m[K)[m[Kâ€™ before â€˜[01m[K::[m[Kâ€™ token
   35 |                 void scan_cb[34m[K([m[Kconst sensor_msgs::msg[01;31m[K:[m[K[32m[K:[m[KLaserScan::Sharedtr msg) {
      |                             [34m[K~[m[K                      [01;31m[K^[m[K[32m[K~[m[K
      |                                                    [32m[K)[m[K
[01m[K/home/kohjj27/my_ws/src/wanderbot/src/go_scan.cpp:35:49:[m[K [01;31m[Kerror: [m[Kexpected â€˜[01m[K;[m[Kâ€™ at end of member declaration
   35 |                 void scan_cb(const sensor_msgs::[01;31m[Kmsg[m[K::LaserScan::Sharedtr msg) {
      |                                                 [01;31m[K^~~[m[K
      |                                                    [32m[K;[m[K
[01m[K/home/kohjj27/my_ws/src/wanderbot/src/go_scan.cpp:35:54:[m[K [01;31m[Kerror: [m[Kâ€˜[01m[KLaserScan[m[Kâ€™ in namespace â€˜[01m[K::[m[Kâ€™ does not name a type
   35 |                 void scan_cb(const sensor_msgs::msg::[01;31m[KLaserScan[m[K::Sharedtr msg) {
      |                                                      [01;31m[K^~~~~~~~~[m[K
[01m[K/home/kohjj27/my_ws/src/wanderbot/src/go_scan.cpp:41:38:[m[K [01;31m[Kerror: [m[Kâ€˜[01m[Ksensor_msgs[m[Kâ€™ was not declared in this scope
   41 |                 rclcpp::Subscription<[01;31m[Ksensor_msgs[m[K::msg::LaserScan>::SharedPtr sub_;
      |                                      [01;31m[K^~~~~~~~~~~[m[K
[01m[K/home/kohjj27/my_ws/src/wanderbot/src/go_scan.cpp:41:65:[m[K [01;31m[Kerror: [m[Ktemplate argument 1 is invalid
   41 |                 rclcpp::Subscription<sensor_msgs::msg::LaserScan[01;31m[K>[m[K::SharedPtr sub_;
      |                                                                 [01;31m[K^[m[K
[01m[K/home/kohjj27/my_ws/src/wanderbot/src/go_scan.cpp:41:65:[m[K [01;31m[Kerror: [m[Ktemplate argument 3 is invalid
[01m[K/home/kohjj27/my_ws/src/wanderbot/src/go_scan.cpp:41:65:[m[K [01;31m[Kerror: [m[Ktemplate argument 4 is invalid
[01m[K/home/kohjj27/my_ws/src/wanderbot/src/go_scan.cpp:41:65:[m[K [01;31m[Kerror: [m[Ktemplate argument 5 is invalid
[01m[K/home/kohjj27/my_ws/src/wanderbot/src/go_scan.cpp:41:68:[m[K [01;31m[Kerror: [m[Kexpected â€˜[01m[K;[m[Kâ€™ at end of member declaration
   41 |                 rclcpp::Subscription<sensor_msgs::msg::LaserScan>::[01;31m[KSharedPtr[m[K sub_;
      |                                                                    [01;31m[K^~~~~~~~~[m[K
      |                                                                             [32m[K;[m[K
[01m[K/home/kohjj27/my_ws/src/wanderbot/src/go_scan.cpp:41:78:[m[K [01;31m[Kerror: [m[Kâ€˜[01m[Ksub_[m[Kâ€™ does not name a type
   41 |                 rclcpp::Subscription<sensor_msgs::msg::LaserScan>::SharedPtr [01;31m[Ksub_[m[K;
      |                                                                              [01;31m[K^~~~[m[K
[01m[K/home/kohjj27/my_ws/src/wanderbot/src/go_scan.cpp:[m[K In constructor â€˜[01m[KGoScan::GoScan()[m[Kâ€™:
[01m[K/home/kohjj27/my_ws/src/wanderbot/src/go_scan.cpp:20:25:[m[K [01;31m[Kerror: [m[Kâ€˜[01m[Ksub_[m[Kâ€™ was not declared in this scope; did you mean â€˜[01m[Kpub_[m[Kâ€™?
   20 |                         [01;31m[Ksub_[m[K = this->create_subscription<sensor_msgs::msg::LaserScan>("scan", 1, std::bind(&GoScan::scan_cb, this, _1));
      |                         [01;31m[K^~~~[m[K
      |                         [32m[Kpub_[m[K
[01m[K/home/kohjj27/my_ws/src/wanderbot/src/go_scan.cpp:20:58:[m[K [01;31m[Kerror: [m[Kâ€˜[01m[Ksensor_msgs[m[Kâ€™ was not declared in this scope
   20 |                         sub_ = this->create_subscription<[01;31m[Ksensor_msgs[m[K::msg::LaserScan>("scan", 1, std::bind(&GoScan::scan_cb, this, _1));
      |                                                          [01;31m[K^~~~~~~~~~~[m[K
[01m[K/home/kohjj27/my_ws/src/wanderbot/src/go_scan.cpp:20:38:[m[K [01;31m[Kerror: [m[Kparse error in template argument list
   20 |                         sub_ = this->[01;31m[Kcreate_subscription<sensor_msgs::msg::LaserScan>[m[K("scan", 1, std::bind(&GoScan::scan_cb, this, _1));
      |                                      [01;31m[K^~~~~~~~~~~~~~~~~~~~~~~~~~~~~~~~~~~~~~~~~~~~~~~~[m[K
[01m[K/home/kohjj27/my_ws/src/wanderbot/src/go_scan.cpp:20:86:[m[K [01;31m[Kerror: [m[Kno matching function for call to â€˜[01m[KGoScan::create_subscription<<expression error> >(const char [5], int, std::_Bind_helper<false, void (GoScan::*)(...), GoScan*, const std::_Placeholder<1>&>::type)[m[Kâ€™
   20 |                         sub_ = [01;31m[Kthis->create_subscription<sensor_msgs::msg::LaserScan>("scan", 1, std::bind(&GoScan::scan_cb, this, _1))[m[K;
      |                                [01;31m[K~~~~~~~~~~~~~~~~~~~~~~~~~~~~~~~~~~~~~~~~~~~~~~~~~~~~~~^~~~~~~~~~~~~~~~~~~~~~~~~~~~~~~~~~~~~~~~~~~~~~~~~~[m[K
In file included from [01m[K/opt/ros/humble/include/rclcpp/rclcpp/executors/single_threaded_executor.hpp:28[m[K,
                 from [01m[K/opt/ros/humble/include/rclcpp/rclcpp/executors.hpp:22[m[K,
                 from [01m[K/opt/ros/humble/include/rclcpp/rclcpp/rclcpp.hpp:155[m[K,
                 from [01m[K/home/kohjj27/my_ws/src/wanderbot/src/go_scan.cpp:6[m[K:
[01m[K/opt/ros/humble/include/rclcpp/rclcpp/node.hpp:219:3:[m[K [01;36m[Knote: [m[Kcandidate: â€˜[01m[Ktemplate<class MessageT, class CallbackT, class AllocatorT, class SubscriptionT, class MessageMemoryStrategyT> std::shared_ptr<ROSMessageT> rclcpp::Node::create_subscription(const string&, const rclcpp::QoS&, CallbackT&&, const rclcpp::SubscriptionOptionsWithAllocator<AllocatorT>&, typename MessageMemoryStrategyT::SharedPtr)[m[Kâ€™
  219 |   [01;36m[Kcreate_subscription[m[K(
      |   [01;36m[K^~~~~~~~~~~~~~~~~~~[m[K
[01m[K/opt/ros/humble/include/rclcpp/rclcpp/node.hpp:219:3:[m[K [01;36m[Knote: [m[K  template argument deduction/substitution failed:
[01m[K/home/kohjj27/my_ws/src/wanderbot/src/go_scan.cpp:20:86:[m[K [01;31m[Kerror: [m[Ktemplate argument 1 is invalid
   20 |                         sub_ = [01;31m[Kthis->create_subscription<sensor_msgs::msg::LaserScan>("scan", 1, std::bind(&GoScan::scan_cb, this, _1))[m[K;
      |                                [01;31m[K~~~~~~~~~~~~~~~~~~~~~~~~~~~~~~~~~~~~~~~~~~~~~~~~~~~~~~^~~~~~~~~~~~~~~~~~~~~~~~~~~~~~~~~~~~~~~~~~~~~~~~~~[m[K
gmake[2]: *** [CMakeFiles/go_scan.dir/build.make:76: CMakeFiles/go_scan.dir/src/go_scan.cpp.o] Error 1
gmake[1]: *** [CMakeFiles/Makefile2:165: CMakeFiles/go_scan.dir/all] Error 2
gmake: *** [Makefile:146: all] Error 2
