-- Found ament_cmake: 1.3.11 (/opt/ros/humble/share/ament_cmake/cmake)
-- Found rclcpp: 16.0.11 (/opt/ros/humble/share/rclcpp/cmake)
-- Found rosidl_generator_c: 3.1.6 (/opt/ros/humble/share/rosidl_generator_c/cmake)
-- Found rosidl_adapter: 3.1.6 (/opt/ros/humble/share/rosidl_adapter/cmake)
-- Found rosidl_generator_cpp: 3.1.6 (/opt/ros/humble/share/rosidl_generator_cpp/cmake)
-- Using all available rosidl_typesupport_c: rosidl_typesupport_fastrtps_c;rosidl_typesupport_introspection_c
-- Using all available rosidl_typesupport_cpp: rosidl_typesupport_fastrtps_cpp;rosidl_typesupport_introspection_cpp
-- Found rmw_implementation_cmake: 6.1.2 (/opt/ros/humble/share/rmw_implementation_cmake/cmake)
-- Found rmw_fastrtps_cpp: 6.2.7 (/opt/ros/humble/share/rmw_fastrtps_cpp/cmake)
-- Using RMW implementation 'rmw_fastrtps_cpp' as default
-- Found geometry_msgs: 4.2.4 (/opt/ros/humble/share/geometry_msgs/cmake)
-- Found sensor_msgs: 4.2.4 (/opt/ros/humble/share/sensor_msgs/cmake)
-- Found ament_lint_auto: 0.12.11 (/opt/ros/humble/share/ament_lint_auto/cmake)
-- Added test 'cppcheck' to perform static code analysis on C / C++ code
-- Configured cppcheck include dirs: 
-- Configured cppcheck exclude dirs and/or files: 
-- Added test 'lint_cmake' to check CMake code style
-- Added test 'uncrustify' to check C / C++ code style
-- Configured uncrustify additional arguments: 
-- Added test 'xmllint' to check XML markup files
-- Configuring done
-- Generating done
-- Build files have been written to: /home/kohjj27/my_ws/build/wanderbot
[35m[1mConsolidate compiler generated dependencies of target go_rot[0m
[ 25%] [32mBuilding CXX object CMakeFiles/go_scan.dir/src/go_scan.cpp.o[0m
[ 75%] Built target go_rot
[01m[K/home/kohjj27/my_ws/src/wanderbot/src/go_scan.cpp:10:2:[m[K [01;31m[Kerror: [m[Kinvalid preprocessing directive #incldue; did you mean #include?
   10 | #[01;31m[Kincldue[m[K "sensor_msgs/msg/laser_scan.hpp"
      |  [01;31m[K^~~~~~~[m[K
      |  [32m[Kinclude[m[K
[01m[K/home/kohjj27/my_ws/src/wanderbot/src/go_scan.cpp:35:36:[m[K [01;31m[Kerror: [m[Kâ€˜[01m[Ksensor_msgs[m[Kâ€™ does not name a type
   35 |                 void scan_cb(const [01;31m[Ksensor_msgs[m[K::msg::LaserScan::Sharedtr msg) {
      |                                    [01;31m[K^~~~~~~~~~~[m[K
[01m[K/home/kohjj27/my_ws/src/wanderbot/src/go_scan.cpp:35:52:[m[K [01;31m[Kerror: [m[Kexpected unqualified-id before â€˜[01m[K::[m[Kâ€™ token
   35 |                 void scan_cb(const sensor_msgs::msg[01;31m[K::[m[KLaserScan::Sharedtr msg) {
      |                                                    [01;31m[K^~[m[K
[01m[K/home/kohjj27/my_ws/src/wanderbot/src/go_scan.cpp:35:52:[m[K [01;31m[Kerror: [m[Kexpected â€˜[01m[K)[m[Kâ€™ before â€˜[01m[K::[m[Kâ€™ token
   35 |                 void scan_cb[34m[K([m[Kconst sensor_msgs::msg[01;31m[K:[m[K[32m[K:[m[KLaserScan::Sharedtr msg) {
      |                             [34m[K~[m[K                      [01;31m[K^[m[K[32m[K~[m[K
      |                                                    [32m[K)[m[K
[01m[K/home/kohjj27/my_ws/src/wanderbot/src/go_scan.cpp:35:49:[m[K [01;31m[Kerror: [m[Kexpected â€˜[01m[K;[m[Kâ€™ at end of member declaration
   35 |                 void scan_cb(const sensor_msgs::[01;31m[Kmsg[m[K::LaserScan::Sharedtr msg) {
      |                                                 [01;31m[K^~~[m[K
      |                                                    [32m[K;[m[K
[01m[K/home/kohjj27/my_ws/src/wanderbot/src/go_scan.cpp:35:54:[m[K [01;31m[Kerror: [m[Kâ€˜[01m[KLaserScan[m[Kâ€™ in namespace â€˜[01m[K::[m[Kâ€™ does not name a type
   35 |                 void scan_cb(const sensor_msgs::msg::[01;31m[KLaserScan[m[K::Sharedtr msg) {
      |                                                      [01;31m[K^~~~~~~~~[m[K
[01m[K/home/kohjj27/my_ws/src/wanderbot/src/go_scan.cpp:41:38:[m[K [01;31m[Kerror: [m[Kâ€˜[01m[Ksensor_msgs[m[Kâ€™ was not declared in this scope
   41 |                 rclcpp::Subscription<[01;31m[Ksensor_msgs[m[K::msg::laserScan>::SharedPtr sub_;
      |                                      [01;31m[K^~~~~~~~~~~[m[K
[01m[K/home/kohjj27/my_ws/src/wanderbot/src/go_scan.cpp:41:65:[m[K [01;31m[Kerror: [m[Ktemplate argument 1 is invalid
   41 |                 rclcpp::Subscription<sensor_msgs::msg::laserScan[01;31m[K>[m[K::SharedPtr sub_;
      |                                                                 [01;31m[K^[m[K
[01m[K/home/kohjj27/my_ws/src/wanderbot/src/go_scan.cpp:41:65:[m[K [01;31m[Kerror: [m[Ktemplate argument 3 is invalid
[01m[K/home/kohjj27/my_ws/src/wanderbot/src/go_scan.cpp:41:65:[m[K [01;31m[Kerror: [m[Ktemplate argument 4 is invalid
[01m[K/home/kohjj27/my_ws/src/wanderbot/src/go_scan.cpp:41:65:[m[K [01;31m[Kerror: [m[Ktemplate argument 5 is invalid
[01m[K/home/kohjj27/my_ws/src/wanderbot/src/go_scan.cpp:41:68:[m[K [01;31m[Kerror: [m[Kexpected â€˜[01m[K;[m[Kâ€™ at end of member declaration
   41 |                 rclcpp::Subscription<sensor_msgs::msg::laserScan>::[01;31m[KSharedPtr[m[K sub_;
      |                                                                    [01;31m[K^~~~~~~~~[m[K
      |                                                                             [32m[K;[m[K
[01m[K/home/kohjj27/my_ws/src/wanderbot/src/go_scan.cpp:41:78:[m[K [01;31m[Kerror: [m[Kâ€˜[01m[Ksub_[m[Kâ€™ does not name a type
   41 |                 rclcpp::Subscription<sensor_msgs::msg::laserScan>::SharedPtr [01;31m[Ksub_[m[K;
      |                                                                              [01;31m[K^~~~[m[K
[01m[K/home/kohjj27/my_ws/src/wanderbot/src/go_scan.cpp:[m[K In constructor â€˜[01m[KGoScan::GoScan()[m[Kâ€™:
[01m[K/home/kohjj27/my_ws/src/wanderbot/src/go_scan.cpp:20:25:[m[K [01;31m[Kerror: [m[Kâ€˜[01m[Ksub_[m[Kâ€™ was not declared in this scope; did you mean â€˜[01m[Kpub_[m[Kâ€™?
   20 |                         [01;31m[Ksub_[m[K = this->crate_subscription<sensor_msgs::msg::LaserScan>("scan", 1, std::bind(&GoScan::scan_cb, this, _1));
      |                         [01;31m[K^~~~[m[K
      |                         [32m[Kpub_[m[K
[01m[K/home/kohjj27/my_ws/src/wanderbot/src/go_scan.cpp:20:38:[m[K [01;31m[Kerror: [m[Kâ€˜[01m[Kclass GoScan[m[Kâ€™ has no member named â€˜[01m[Kcrate_subscription[m[Kâ€™; did you mean â€˜[01m[Kcreate_subscription[m[Kâ€™?
   20 |                         sub_ = this->[01;31m[Kcrate_subscription[m[K<sensor_msgs::msg::LaserScan>("scan", 1, std::bind(&GoScan::scan_cb, this, _1));
      |                                      [01;31m[K^~~~~~~~~~~~~~~~~~[m[K
      |                                      [32m[Kcreate_subscription[m[K
[01m[K/home/kohjj27/my_ws/src/wanderbot/src/go_scan.cpp:20:57:[m[K [01;31m[Kerror: [m[Kâ€˜[01m[Ksensor_msgs[m[Kâ€™ has not been declared
   20 |                         sub_ = this->crate_subscription<[01;31m[Ksensor_msgs[m[K::msg::LaserScan>("scan", 1, std::bind(&GoScan::scan_cb, this, _1));
      |                                                         [01;31m[K^~~~~~~~~~~[m[K
[01m[K/home/kohjj27/my_ws/src/wanderbot/src/go_scan.cpp:20:86:[m[K [01;35m[Kwarning: [m[Kleft operand of comma operator has no effect [[01;35m[K]8;;https://gcc.gnu.org/onlinedocs/gcc/Warning-Options.html#index-Wunused-value-Wunused-value]8;;[m[K]
   20 |                         sub_ = this->crate_subscription<sensor_msgs::msg::LaserScan>([01;35m[K"scan"[m[K, 1, std::bind(&GoScan::scan_cb, this, _1));
      |                                                                                      [01;35m[K^~~~~~[m[K
[01m[K/home/kohjj27/my_ws/src/wanderbot/src/go_scan.cpp:20:133:[m[K [01;35m[Kwarning: [m[Kright operand of comma operator has no effect [[01;35m[K]8;;https://gcc.gnu.org/onlinedocs/gcc/Warning-Options.html#index-Wunused-value-Wunused-value]8;;[m[K]
   20 |                         sub_ = this->crate_subscription<sensor_msgs::msg::LaserScan>("scan", 1, std::bind(&GoScan::scan_cb, this, _1[01;35m[K)[m[K);
      |                                                                                                                                     [01;35m[K^[m[K
gmake[2]: *** [CMakeFiles/go_scan.dir/build.make:76: CMakeFiles/go_scan.dir/src/go_scan.cpp.o] Error 1
gmake[1]: *** [CMakeFiles/Makefile2:165: CMakeFiles/go_scan.dir/all] Error 2
gmake: *** [Makefile:146: all] Error 2
