[0.020s] Invoking command in '/home/kohjj27/my_ws/build/wanderbot': CMAKE_PREFIX_PATH=${CMAKE_PREFIX_PATH}:/opt/ros/humble /usr/bin/cmake --build /home/kohjj27/my_ws/build/wanderbot -- -j16 -l16
[0.086s] [35m[1mConsolidate compiler generated dependencies of target go_rot[0m
[0.117s] [ 50%] [32mBuilding CXX object CMakeFiles/go_scan.dir/src/go_scan.cpp.o[0m
[0.117s] [ 75%] Built target go_rot
[2.596s] [01m[K/home/kohjj27/my_ws/src/wanderbot/src/go_scan.cpp:120:2:[m[K [01;31m[Kerror: [m[Kexpected â€˜[01m[K}[m[Kâ€™ at end of input
[2.596s]   120 | }
[2.596s]       |  [01;31m[K^[m[K
[2.596s] [01m[K/home/kohjj27/my_ws/src/wanderbot/src/go_scan.cpp:15:36:[m[K [01;36m[Knote: [m[Kto match this â€˜[01m[K{[m[Kâ€™
[2.596s]    15 | class GoScan : public rclcpp::Node [01;36m[K{[m[K
[2.596s]       |                                    [01;36m[K^[m[K
[2.610s] [01m[K/home/kohjj27/my_ws/src/wanderbot/src/go_scan.cpp:[m[K In constructor â€˜[01m[KGoScan::GoScan()[m[Kâ€™:
[2.610s] [01m[K/home/kohjj27/my_ws/src/wanderbot/src/go_scan.cpp:18:25:[m[K [01;31m[Kerror: [m[Kâ€˜[01m[Kpub_[m[Kâ€™ was not declared in this scope
[2.610s]    18 |                         [01;31m[Kpub_[m[K = this->create_publisher<geometry_msgs::msg::Twist>("cmd_vel", 1);
[2.610s]       |                         [01;31m[K^~~~[m[K
[2.619s] [01m[K/home/kohjj27/my_ws/src/wanderbot/src/go_scan.cpp:19:25:[m[K [01;31m[Kerror: [m[Kâ€˜[01m[Ktimer_[m[Kâ€™ was not declared in this scope; did you mean â€˜[01m[Ktimer_t[m[Kâ€™?
[2.619s]    19 |                         [01;31m[Ktimer_[m[K = this->create_wall_timer(100ms, std::bind(&GoScan::timer_cb, this));
[2.619s]       |                         [01;31m[K^~~~~~[m[K
[2.619s]       |                         [32m[Ktimer_t[m[K
[2.632s] [01m[K/home/kohjj27/my_ws/src/wanderbot/src/go_scan.cpp:21:25:[m[K [01;31m[Kerror: [m[Kâ€˜[01m[Ksub_[m[Kâ€™ was not declared in this scope
[2.632s]    21 |                         [01;31m[Ksub_[m[K = this->create_subscription<sensor_msgs::msg::LaserScan>("scan", rclcpp::QoS(1).best_effort(), std::bind(&GoScan::scan_cb, this, _1));
[2.632s]       |                         [01;31m[K^~~~[m[K
[2.679s] [01m[K/home/kohjj27/my_ws/src/wanderbot/src/go_scan.cpp:[m[K In member function â€˜[01m[Kvoid GoScan::timer_cb()[m[Kâ€™:
[2.679s] [01m[K/home/kohjj27/my_ws/src/wanderbot/src/go_scan.cpp:28:28:[m[K [01;31m[Kerror: [m[Kâ€˜[01m[Kmin_dist[m[Kâ€™ was not declared in this scope
[2.679s]    28 |                         if([01;31m[Kmin_dist[m[K > range_min && min_dist < range_max) {
[2.680s]       |                            [01;31m[K^~~~~~~~[m[K
[2.685s] [01m[K/home/kohjj27/my_ws/src/wanderbot/src/go_scan.cpp:28:39:[m[K [01;31m[Kerror: [m[Kâ€˜[01m[Krange_min[m[Kâ€™ was not declared in this scope
[2.685s]    28 |                         if(min_dist > [01;31m[Krange_min[m[K && min_dist < range_max) {
[2.685s]       |                                       [01;31m[K^~~~~~~~~[m[K
[2.690s] [01m[K/home/kohjj27/my_ws/src/wanderbot/src/go_scan.cpp:28:63:[m[K [01;31m[Kerror: [m[Kâ€˜[01m[Krange_max[m[Kâ€™ was not declared in this scope
[2.690s]    28 |                         if(min_dist > range_min && min_dist < [01;31m[Krange_max[m[K) {
[2.690s]       |                                                               [01;31m[K^~~~~~~~~[m[K
[2.694s] [01m[K/home/kohjj27/my_ws/src/wanderbot/src/go_scan.cpp:29:37:[m[K [01;31m[Kerror: [m[Kâ€˜[01m[Kturn[m[Kâ€™ was not declared in this scope
[2.694s]    29 |                                 if ([01;31m[Kturn[m[K = 0) { // go
[2.694s]       |                                     [01;31m[K^~~~[m[K
[2.698s] [01m[K/home/kohjj27/my_ws/src/wanderbot/src/go_scan.cpp:41:25:[m[K [01;31m[Kerror: [m[Kâ€˜[01m[Kpub_[m[Kâ€™ was not declared in this scope
[2.698s]    41 |                         [01;31m[Kpub_[m[K->publish(cmd);
[2.698s]       |                         [01;31m[K^~~~[m[K
[2.706s] [01m[K/home/kohjj27/my_ws/src/wanderbot/src/go_scan.cpp:[m[K In member function â€˜[01m[Kvoid GoScan::scan_cb(sensor_msgs::msg::LaserScan_<std::allocator<void> >::SharedPtr)[m[Kâ€™:
[2.706s] [01m[K/home/kohjj27/my_ws/src/wanderbot/src/go_scan.cpp:45:25:[m[K [01;31m[Kerror: [m[Kâ€˜[01m[Krange_ahead_[m[Kâ€™ was not declared in this scope
[2.706s]    45 |                         [01;31m[Krange_ahead_[m[K = msg->ranges[0];
[2.706s]       |                         [01;31m[K^~~~~~~~~~~~[m[K
[2.711s] [01m[K/home/kohjj27/my_ws/src/wanderbot/src/go_scan.cpp:46:44:[m[K [01;31m[Kerror: [m[Kâ€˜[01m[Krange_min[m[Kâ€™ was not declared in this scope
[2.711s]    46 |                         if (range_ahead_ < [01;31m[Krange_min[m[K || range_ahead_ > range_max) range_ahead_ = range_max;
[2.711s]       |                                            [01;31m[K^~~~~~~~~[m[K
[2.716s] [01m[K/home/kohjj27/my_ws/src/wanderbot/src/go_scan.cpp:46:72:[m[K [01;31m[Kerror: [m[Kâ€˜[01m[Krange_max[m[Kâ€™ was not declared in this scope
[2.716s]    46 |                         if (range_ahead_ < range_min || range_ahead_ > [01;31m[Krange_max[m[K) range_ahead_ = range_max;
[2.716s]       |                                                                        [01;31m[K^~~~~~~~~[m[K
[2.720s] [01m[K/home/kohjj27/my_ws/src/wanderbot/src/go_scan.cpp:50:37:[m[K [01;31m[Kerror: [m[Kâ€˜[01m[Krrange[m[Kâ€™ was not declared in this scope
[2.720s]    50 |                                 if ([01;31m[Krrange[m[K > msg->ranges[i] && msg->ranges[i] > range_min && msg->ranges[i] < range_max) {
[2.720s]       |                                     [01;31m[K^~~~~~[m[K
[2.725s] [01m[K/home/kohjj27/my_ws/src/wanderbot/src/go_scan.cpp:50:81:[m[K [01;31m[Kerror: [m[Kâ€˜[01m[Krange_min[m[Kâ€™ was not declared in this scope
[2.726s]    50 |                                 if (rrange > msg->ranges[i] && msg->ranges[i] > [01;31m[Krange_min[m[K && msg->ranges[i] < range_max) {
[2.726s]       |                                                                                 [01;31m[K^~~~~~~~~[m[K
[2.730s] [01m[K/home/kohjj27/my_ws/src/wanderbot/src/go_scan.cpp:50:111:[m[K [01;31m[Kerror: [m[Kâ€˜[01m[Krange_max[m[Kâ€™ was not declared in this scope
[2.731s]    50 |                                 if (rrange > msg->ranges[i] && msg->ranges[i] > range_min && msg->ranges[i] < [01;31m[Krange_max[m[K) {
[2.731s]       |                                                                                                               [01;31m[K^~~~~~~~~[m[K
[2.735s] [01m[K/home/kohjj27/my_ws/src/wanderbot/src/go_scan.cpp:52:41:[m[K [01;31m[Kerror: [m[Kâ€˜[01m[Kmin_right[m[Kâ€™ was not declared in this scope
[2.736s]    52 |                                         [01;31m[Kmin_right[m[K = i;
[2.736s]       |                                         [01;31m[K^~~~~~~~~[m[K
[2.740s] [01m[K/home/kohjj27/my_ws/src/wanderbot/src/go_scan.cpp:57:37:[m[K [01;31m[Kerror: [m[Kâ€˜[01m[Klrange[m[Kâ€™ was not declared in this scope
[2.740s]    57 |                                 if ([01;31m[Klrange[m[K > msg->ranges[i] && msg->ranges[i] > range_min && msg->ranges[i] < range_max) {
[2.740s]       |                                     [01;31m[K^~~~~~[m[K
[2.745s] [01m[K/home/kohjj27/my_ws/src/wanderbot/src/go_scan.cpp:57:81:[m[K [01;31m[Kerror: [m[Kâ€˜[01m[Krange_min[m[Kâ€™ was not declared in this scope
[2.745s]    57 |                                 if (lrange > msg->ranges[i] && msg->ranges[i] > [01;31m[Krange_min[m[K && msg->ranges[i] < range_max) {
[2.745s]       |                                                                                 [01;31m[K^~~~~~~~~[m[K
[2.750s] [01m[K/home/kohjj27/my_ws/src/wanderbot/src/go_scan.cpp:57:111:[m[K [01;31m[Kerror: [m[Kâ€˜[01m[Krange_max[m[Kâ€™ was not declared in this scope
[2.750s]    57 |                                 if (lrange > msg->ranges[i] && msg->ranges[i] > range_min && msg->ranges[i] < [01;31m[Krange_max[m[K) {
[2.750s]       |                                                                                                               [01;31m[K^~~~~~~~~[m[K
[2.754s] [01m[K/home/kohjj27/my_ws/src/wanderbot/src/go_scan.cpp:59:41:[m[K [01;31m[Kerror: [m[Kâ€˜[01m[Kmin_left[m[Kâ€™ was not declared in this scope
[2.754s]    59 |                                         [01;31m[Kmin_left[m[K = i;
[2.754s]       |                                         [01;31m[K^~~~~~~~[m[K
[2.758s] [01m[K/home/kohjj27/my_ws/src/wanderbot/src/go_scan.cpp:64:28:[m[K [01;31m[Kerror: [m[Kâ€˜[01m[Klrange[m[Kâ€™ was not declared in this scope
[2.759s]    64 |                         if([01;31m[Klrange[m[K > rrange) {
[2.759s]       |                            [01;31m[K^~~~~~[m[K
[2.763s] [01m[K/home/kohjj27/my_ws/src/wanderbot/src/go_scan.cpp:64:37:[m[K [01;31m[Kerror: [m[Kâ€˜[01m[Krrange[m[Kâ€™ was not declared in this scope
[2.763s]    64 |                         if(lrange > [01;31m[Krrange[m[K) {
[2.763s]       |                                     [01;31m[K^~~~~~[m[K
[2.767s] [01m[K/home/kohjj27/my_ws/src/wanderbot/src/go_scan.cpp:65:33:[m[K [01;31m[Kerror: [m[Kâ€˜[01m[Kmin_dist[m[Kâ€™ was not declared in this scope
[2.767s]    65 |                                 [01;31m[Kmin_dist[m[K = rrange;
[2.767s]       |                                 [01;31m[K^~~~~~~~[m[K
[2.771s] [01m[K/home/kohjj27/my_ws/src/wanderbot/src/go_scan.cpp:66:33:[m[K [01;31m[Kerror: [m[Kâ€˜[01m[Kturn[m[Kâ€™ was not declared in this scope
[2.771s]    66 |                                 [01;31m[Kturn[m[K = 1;  // turn left
[2.771s]       |                                 [01;31m[K^~~~[m[K
[2.771s] [01m[K/home/kohjj27/my_ws/src/wanderbot/src/go_scan.cpp:67:25:[m[K [01;31m[Kerror: [m[Kexpected â€˜[01m[K}[m[Kâ€™ before â€˜[01m[Kelse[m[Kâ€™
[2.771s]    67 |                         [01;31m[Kelse[m[K {
[2.771s]       |                         [01;31m[K^~~~[m[K
[2.771s] [01m[K/home/kohjj27/my_ws/src/wanderbot/src/go_scan.cpp:64:45:[m[K [01;36m[Knote: [m[Kto match this â€˜[01m[K{[m[Kâ€™
[2.771s]    64 |                         if(lrange > rrange) [01;36m[K{[m[K
[2.771s]       |                                             [01;36m[K^[m[K
[2.776s] [01m[K/home/kohjj27/my_ws/src/wanderbot/src/go_scan.cpp:68:33:[m[K [01;31m[Kerror: [m[Kâ€˜[01m[Kmin_dist[m[Kâ€™ was not declared in this scope
[2.776s]    68 |                                 [01;31m[Kmin_dist[m[K = lrange;
[2.776s]       |                                 [01;31m[K^~~~~~~~[m[K
[2.779s] [01m[K/home/kohjj27/my_ws/src/wanderbot/src/go_scan.cpp:69:33:[m[K [01;31m[Kerror: [m[Kâ€˜[01m[Kturn[m[Kâ€™ was not declared in this scope
[2.779s]    69 |                                 [01;31m[Kturn[m[K = 2; // turn right
[2.779s]       |                                 [01;31m[K^~~~[m[K
[2.784s] [01m[K/home/kohjj27/my_ws/src/wanderbot/src/go_scan.cpp:72:29:[m[K [01;31m[Kerror: [m[Kâ€˜[01m[Kmin_dist[m[Kâ€™ was not declared in this scope
[2.784s]    72 |                         if ([01;31m[Kmin_dist[m[K >= range_ahead_) {
[2.784s]       |                             [01;31m[K^~~~~~~~[m[K
[2.787s] [01m[K/home/kohjj27/my_ws/src/wanderbot/src/go_scan.cpp:74:33:[m[K [01;31m[Kerror: [m[Kâ€˜[01m[Kturn[m[Kâ€™ was not declared in this scope
[2.787s]    74 |                                 [01;31m[Kturn[m[K = 1; // turn left
[2.787s]       |                                 [01;31m[K^~~~[m[K
[2.792s] [01m[K/home/kohjj27/my_ws/src/wanderbot/src/go_scan.cpp:80:103:[m[K [01;31m[Kerror: [m[Kâ€˜[01m[Klrange[m[Kâ€™ was not declared in this scope
[2.792s]    80 |                         printf("range ahead: %f / lrange: %f / rrange: %f, min : %f\n", range_ahead_, [01;31m[Klrange[m[K, rrange, min_dist);
[2.792s]       |                                                                                                       [01;31m[K^~~~~~[m[K
[2.796s] [01m[K/home/kohjj27/my_ws/src/wanderbot/src/go_scan.cpp:80:111:[m[K [01;31m[Kerror: [m[Kâ€˜[01m[Krrange[m[Kâ€™ was not declared in this scope
[2.796s]    80 |                         printf("range ahead: %f / lrange: %f / rrange: %f, min : %f\n", range_ahead_, lrange, [01;31m[Krrange[m[K, min_dist);
[2.796s]       |                                                                                                               [01;31m[K^~~~~~[m[K
[2.798s] [01m[K/home/kohjj27/my_ws/src/wanderbot/src/go_scan.cpp:110:23:[m[K [01;31m[Kerror: [m[Kredeclaration of â€˜[01m[Kfloat min_dist[m[Kâ€™
[2.798s]   110 |                 float [01;31m[Kmin_dist[m[K;
[2.798s]       |                       [01;31m[K^~~~~~~~[m[K
[2.798s] [01m[K/home/kohjj27/my_ws/src/wanderbot/src/go_scan.cpp:72:29:[m[K [01;36m[Knote: [m[Kâ€˜[01m[K<typeprefixerror>min_dist[m[Kâ€™ previously declared here
[2.799s]    72 |                         if ([01;36m[Kmin_dist[m[K >= range_ahead_) {
[2.799s]       |                             [01;36m[K^~~~~~~~[m[K
[2.807s] [01m[K/home/kohjj27/my_ws/src/wanderbot/src/go_scan.cpp:93:23:[m[K [01;35m[Kwarning: [m[Kunused variable â€˜[01m[Krange_ahead_[m[Kâ€™ [[01;35m[K]8;;https://gcc.gnu.org/onlinedocs/gcc/Warning-Options.html#index-Wunused-variable-Wunused-variable]8;;[m[K]
[2.807s]    93 |                 float [01;35m[Krange_ahead_[m[K;
[2.807s]       |                       [01;35m[K^~~~~~~~~~~~[m[K
[2.807s] [01m[K/home/kohjj27/my_ws/src/wanderbot/src/go_scan.cpp:95:23:[m[K [01;35m[Kwarning: [m[Kunused variable â€˜[01m[Krange_min[m[Kâ€™ [[01;35m[K]8;;https://gcc.gnu.org/onlinedocs/gcc/Warning-Options.html#index-Wunused-variable-Wunused-variable]8;;[m[K]
[2.807s]    95 |                 float [01;35m[Krange_min[m[K = msg->range_min;
[2.808s]       |                       [01;35m[K^~~~~~~~~[m[K
[2.808s] [01m[K/home/kohjj27/my_ws/src/wanderbot/src/go_scan.cpp:96:23:[m[K [01;35m[Kwarning: [m[Kunused variable â€˜[01m[Krange_max[m[Kâ€™ [[01;35m[K]8;;https://gcc.gnu.org/onlinedocs/gcc/Warning-Options.html#index-Wunused-variable-Wunused-variable]8;;[m[K]
[2.808s]    96 |                 float [01;35m[Krange_max[m[K = msg->range_max;
[2.808s]       |                       [01;35m[K^~~~~~~~~[m[K
[2.808s] [01m[K/home/kohjj27/my_ws/src/wanderbot/src/go_scan.cpp:108:23:[m[K [01;35m[Kwarning: [m[Kunused variable â€˜[01m[Krrange[m[Kâ€™ [[01;35m[K]8;;https://gcc.gnu.org/onlinedocs/gcc/Warning-Options.html#index-Wunused-variable-Wunused-variable]8;;[m[K]
[2.808s]   108 |                 float [01;35m[Krrange[m[K = msg->range_max; // right min distance
[2.808s]       |                       [01;35m[K^~~~~~[m[K
[2.808s] [01m[K/home/kohjj27/my_ws/src/wanderbot/src/go_scan.cpp:109:23:[m[K [01;35m[Kwarning: [m[Kunused variable â€˜[01m[Klrange[m[Kâ€™ [[01;35m[K]8;;https://gcc.gnu.org/onlinedocs/gcc/Warning-Options.html#index-Wunused-variable-Wunused-variable]8;;[m[K]
[2.808s]   109 |                 float [01;35m[Klrange[m[K = msg->range_max; // left min distance
[2.808s]       |                       [01;35m[K^~~~~~[m[K
[2.809s] [01m[K/home/kohjj27/my_ws/src/wanderbot/src/go_scan.cpp:110:23:[m[K [01;35m[Kwarning: [m[Kunused variable â€˜[01m[Kmin_dist[m[Kâ€™ [[01;35m[K]8;;https://gcc.gnu.org/onlinedocs/gcc/Warning-Options.html#index-Wunused-variable-Wunused-variable]8;;[m[K]
[2.809s]   110 |                 float [01;35m[Kmin_dist[m[K;
[2.809s]       |                       [01;35m[K^~~~~~~~[m[K
[2.809s] [01m[K/home/kohjj27/my_ws/src/wanderbot/src/go_scan.cpp:115:35:[m[K [01;31m[Kerror: [m[Ka function-definition is not allowed here before â€˜[01m[K{[m[Kâ€™ token
[2.809s]   115 | int main(int argc, char * argv[]) [01;31m[K{[m[K
[2.809s]       |                                   [01;31m[K^[m[K
[2.809s] [01m[K/home/kohjj27/my_ws/src/wanderbot/src/go_scan.cpp:120:2:[m[K [01;31m[Kerror: [m[Kexpected â€˜[01m[K}[m[Kâ€™ at end of input
[2.809s]   120 | }
[2.809s]       |  [01;31m[K^[m[K
[2.809s] [01m[K/home/kohjj27/my_ws/src/wanderbot/src/go_scan.cpp:44:80:[m[K [01;36m[Knote: [m[Kto match this â€˜[01m[K{[m[Kâ€™
[2.809s]    44 |                 void scan_cb(const sensor_msgs::msg::LaserScan::SharedPtr msg) [01;36m[K{[m[K
[2.809s]       |                                                                                [01;36m[K^[m[K
[2.809s] [01m[K/home/kohjj27/my_ws/src/wanderbot/src/go_scan.cpp:[m[K At global scope:
[2.809s] [01m[K/home/kohjj27/my_ws/src/wanderbot/src/go_scan.cpp:120:2:[m[K [01;31m[Kerror: [m[Kexpected unqualified-id at end of input
[2.809s]   120 | }
[2.809s]       |  [01;31m[K^[m[K
[5.066s] gmake[2]: *** [CMakeFiles/go_scan.dir/build.make:76: CMakeFiles/go_scan.dir/src/go_scan.cpp.o] Error 1
[5.066s] gmake[1]: *** [CMakeFiles/Makefile2:165: CMakeFiles/go_scan.dir/all] Error 2
[5.066s] gmake: *** [Makefile:146: all] Error 2
[5.069s] Invoked command in '/home/kohjj27/my_ws/build/wanderbot' returned '2': CMAKE_PREFIX_PATH=${CMAKE_PREFIX_PATH}:/opt/ros/humble /usr/bin/cmake --build /home/kohjj27/my_ws/build/wanderbot -- -j16 -l16
