[0.021s] Invoking command in '/home/kohjj27/my_ws/build/wanderbot': CMAKE_PREFIX_PATH=/opt/ros/humble /usr/bin/cmake --build /home/kohjj27/my_ws/build/wanderbot -- -j16 -l16
[0.072s] [35m[1mConsolidate compiler generated dependencies of target go_scan[0m
[0.087s] [ 50%] Built target go_rot
[0.093s] [ 75%] [32mBuilding CXX object CMakeFiles/go_scan.dir/src/go_scan.cpp.o[0m
[0.376s] [01m[K/home/kohjj27/my_ws/src/wanderbot/src/go_scan.cpp:10:2:[m[K [01;31m[Kerror: [m[Kinvalid preprocessing directive #incldue; did you mean #include?
[0.377s]    10 | #[01;31m[Kincldue[m[K "sensor_msgs/msg/laser_scan.hpp"
[0.377s]       |  [01;31m[K^~~~~~~[m[K
[0.377s]       |  [32m[Kinclude[m[K
[2.693s] [01m[K/home/kohjj27/my_ws/src/wanderbot/src/go_scan.cpp:35:36:[m[K [01;31m[Kerror: [m[Kâ€˜[01m[Ksensor_msgs[m[Kâ€™ does not name a type
[2.693s]    35 |                 void scan_cb(const [01;31m[Ksensor_msgs[m[K::msg::LaserScan::Sharedtr msg) {
[2.693s]       |                                    [01;31m[K^~~~~~~~~~~[m[K
[2.693s] [01m[K/home/kohjj27/my_ws/src/wanderbot/src/go_scan.cpp:35:52:[m[K [01;31m[Kerror: [m[Kexpected unqualified-id before â€˜[01m[K::[m[Kâ€™ token
[2.693s]    35 |                 void scan_cb(const sensor_msgs::msg[01;31m[K::[m[KLaserScan::Sharedtr msg) {
[2.693s]       |                                                    [01;31m[K^~[m[K
[2.693s] [01m[K/home/kohjj27/my_ws/src/wanderbot/src/go_scan.cpp:35:52:[m[K [01;31m[Kerror: [m[Kexpected â€˜[01m[K)[m[Kâ€™ before â€˜[01m[K::[m[Kâ€™ token
[2.694s]    35 |                 void scan_cb[34m[K([m[Kconst sensor_msgs::msg[01;31m[K:[m[K[32m[K:[m[KLaserScan::Sharedtr msg) {
[2.694s]       |                             [34m[K~[m[K                      [01;31m[K^[m[K[32m[K~[m[K
[2.694s]       |                                                    [32m[K)[m[K
[2.694s] [01m[K/home/kohjj27/my_ws/src/wanderbot/src/go_scan.cpp:35:49:[m[K [01;31m[Kerror: [m[Kexpected â€˜[01m[K;[m[Kâ€™ at end of member declaration
[2.694s]    35 |                 void scan_cb(const sensor_msgs::[01;31m[Kmsg[m[K::LaserScan::Sharedtr msg) {
[2.694s]       |                                                 [01;31m[K^~~[m[K
[2.694s]       |                                                    [32m[K;[m[K
[2.695s] [01m[K/home/kohjj27/my_ws/src/wanderbot/src/go_scan.cpp:35:54:[m[K [01;31m[Kerror: [m[Kâ€˜[01m[KLaserScan[m[Kâ€™ in namespace â€˜[01m[K::[m[Kâ€™ does not name a type
[2.695s]    35 |                 void scan_cb(const sensor_msgs::msg::[01;31m[KLaserScan[m[K::Sharedtr msg) {
[2.695s]       |                                                      [01;31m[K^~~~~~~~~[m[K
[2.704s] [01m[K/home/kohjj27/my_ws/src/wanderbot/src/go_scan.cpp:41:38:[m[K [01;31m[Kerror: [m[Kâ€˜[01m[Ksensor_msgs[m[Kâ€™ was not declared in this scope
[2.704s]    41 |                 rclcpp::Subscription<[01;31m[Ksensor_msgs[m[K::msg::LaserScan>::SharedPtr sub_;
[2.704s]       |                                      [01;31m[K^~~~~~~~~~~[m[K
[2.704s] [01m[K/home/kohjj27/my_ws/src/wanderbot/src/go_scan.cpp:41:65:[m[K [01;31m[Kerror: [m[Ktemplate argument 1 is invalid
[2.704s]    41 |                 rclcpp::Subscription<sensor_msgs::msg::LaserScan[01;31m[K>[m[K::SharedPtr sub_;
[2.704s]       |                                                                 [01;31m[K^[m[K
[2.704s] [01m[K/home/kohjj27/my_ws/src/wanderbot/src/go_scan.cpp:41:65:[m[K [01;31m[Kerror: [m[Ktemplate argument 3 is invalid
[2.705s] [01m[K/home/kohjj27/my_ws/src/wanderbot/src/go_scan.cpp:41:65:[m[K [01;31m[Kerror: [m[Ktemplate argument 4 is invalid
[2.705s] [01m[K/home/kohjj27/my_ws/src/wanderbot/src/go_scan.cpp:41:65:[m[K [01;31m[Kerror: [m[Ktemplate argument 5 is invalid
[2.705s] [01m[K/home/kohjj27/my_ws/src/wanderbot/src/go_scan.cpp:41:68:[m[K [01;31m[Kerror: [m[Kexpected â€˜[01m[K;[m[Kâ€™ at end of member declaration
[2.705s]    41 |                 rclcpp::Subscription<sensor_msgs::msg::LaserScan>::[01;31m[KSharedPtr[m[K sub_;
[2.705s]       |                                                                    [01;31m[K^~~~~~~~~[m[K
[2.705s]       |                                                                             [32m[K;[m[K
[2.705s] [01m[K/home/kohjj27/my_ws/src/wanderbot/src/go_scan.cpp:41:78:[m[K [01;31m[Kerror: [m[Kâ€˜[01m[Ksub_[m[Kâ€™ does not name a type
[2.705s]    41 |                 rclcpp::Subscription<sensor_msgs::msg::LaserScan>::SharedPtr [01;31m[Ksub_[m[K;
[2.705s]       |                                                                              [01;31m[K^~~~[m[K
[2.719s] [01m[K/home/kohjj27/my_ws/src/wanderbot/src/go_scan.cpp:[m[K In constructor â€˜[01m[KGoScan::GoScan()[m[Kâ€™:
[2.719s] [01m[K/home/kohjj27/my_ws/src/wanderbot/src/go_scan.cpp:20:25:[m[K [01;31m[Kerror: [m[Kâ€˜[01m[Ksub_[m[Kâ€™ was not declared in this scope; did you mean â€˜[01m[Kpub_[m[Kâ€™?
[2.720s]    20 |                         [01;31m[Ksub_[m[K = this->crate_subscription<sensor_msgs::msg::LaserScan>("scan", 1, std::bind(&GoScan::scan_cb, this, _1));
[2.720s]       |                         [01;31m[K^~~~[m[K
[2.720s]       |                         [32m[Kpub_[m[K
[2.720s] [01m[K/home/kohjj27/my_ws/src/wanderbot/src/go_scan.cpp:20:38:[m[K [01;31m[Kerror: [m[Kâ€˜[01m[Kclass GoScan[m[Kâ€™ has no member named â€˜[01m[Kcrate_subscription[m[Kâ€™; did you mean â€˜[01m[Kcreate_subscription[m[Kâ€™?
[2.720s]    20 |                         sub_ = this->[01;31m[Kcrate_subscription[m[K<sensor_msgs::msg::LaserScan>("scan", 1, std::bind(&GoScan::scan_cb, this, _1));
[2.720s]       |                                      [01;31m[K^~~~~~~~~~~~~~~~~~[m[K
[2.720s]       |                                      [32m[Kcreate_subscription[m[K
[2.720s] [01m[K/home/kohjj27/my_ws/src/wanderbot/src/go_scan.cpp:20:57:[m[K [01;31m[Kerror: [m[Kâ€˜[01m[Ksensor_msgs[m[Kâ€™ has not been declared
[2.720s]    20 |                         sub_ = this->crate_subscription<[01;31m[Ksensor_msgs[m[K::msg::LaserScan>("scan", 1, std::bind(&GoScan::scan_cb, this, _1));
[2.720s]       |                                                         [01;31m[K^~~~~~~~~~~[m[K
[2.720s] [01m[K/home/kohjj27/my_ws/src/wanderbot/src/go_scan.cpp:20:86:[m[K [01;35m[Kwarning: [m[Kleft operand of comma operator has no effect [[01;35m[K]8;;https://gcc.gnu.org/onlinedocs/gcc/Warning-Options.html#index-Wunused-value-Wunused-value]8;;[m[K]
[2.720s]    20 |                         sub_ = this->crate_subscription<sensor_msgs::msg::LaserScan>([01;35m[K"scan"[m[K, 1, std::bind(&GoScan::scan_cb, this, _1));
[2.720s]       |                                                                                      [01;35m[K^~~~~~[m[K
[2.723s] [01m[K/home/kohjj27/my_ws/src/wanderbot/src/go_scan.cpp:20:133:[m[K [01;35m[Kwarning: [m[Kright operand of comma operator has no effect [[01;35m[K]8;;https://gcc.gnu.org/onlinedocs/gcc/Warning-Options.html#index-Wunused-value-Wunused-value]8;;[m[K]
[2.723s]    20 |                         sub_ = this->crate_subscription<sensor_msgs::msg::LaserScan>("scan", 1, std::bind(&GoScan::scan_cb, this, _1[01;35m[K)[m[K);
[2.723s]       |                                                                                                                                     [01;35m[K^[m[K
[3.482s] gmake[2]: *** [CMakeFiles/go_scan.dir/build.make:76: CMakeFiles/go_scan.dir/src/go_scan.cpp.o] Error 1
[3.482s] gmake[1]: *** [CMakeFiles/Makefile2:165: CMakeFiles/go_scan.dir/all] Error 2
[3.483s] gmake: *** [Makefile:146: all] Error 2
[3.486s] Invoked command in '/home/kohjj27/my_ws/build/wanderbot' returned '2': CMAKE_PREFIX_PATH=/opt/ros/humble /usr/bin/cmake --build /home/kohjj27/my_ws/build/wanderbot -- -j16 -l16
