-- Found ament_cmake: 1.3.11 (/opt/ros/humble/share/ament_cmake/cmake)
-- Found rclcpp: 16.0.11 (/opt/ros/humble/share/rclcpp/cmake)
-- Found rosidl_generator_c: 3.1.6 (/opt/ros/humble/share/rosidl_generator_c/cmake)
-- Found rosidl_adapter: 3.1.6 (/opt/ros/humble/share/rosidl_adapter/cmake)
-- Found rosidl_generator_cpp: 3.1.6 (/opt/ros/humble/share/rosidl_generator_cpp/cmake)
-- Using all available rosidl_typesupport_c: rosidl_typesupport_fastrtps_c;rosidl_typesupport_introspection_c
-- Using all available rosidl_typesupport_cpp: rosidl_typesupport_fastrtps_cpp;rosidl_typesupport_introspection_cpp
-- Found rmw_implementation_cmake: 6.1.2 (/opt/ros/humble/share/rmw_implementation_cmake/cmake)
-- Found rmw_fastrtps_cpp: 6.2.7 (/opt/ros/humble/share/rmw_fastrtps_cpp/cmake)
-- Using RMW implementation 'rmw_fastrtps_cpp' as default
-- Found ament_lint_auto: 0.12.11 (/opt/ros/humble/share/ament_lint_auto/cmake)
-- Added test 'cppcheck' to perform static code analysis on C / C++ code
-- Configured cppcheck include dirs: 
-- Configured cppcheck exclude dirs and/or files: 
-- Added test 'lint_cmake' to check CMake code style
-- Added test 'uncrustify' to check C / C++ code style
-- Configured uncrustify additional arguments: 
-- Added test 'xmllint' to check XML markup files
-- Configuring done
-- Generating done
-- Build files have been written to: /home/kohjj27/my_ws/build/topic_ex_c
[35m[1mConsolidate compiler generated dependencies of target topic_pub[0m
[ 25%] [32mBuilding CXX object CMakeFiles/topic_sub.dir/src/topic_subscriber.cpp.o[0m
[ 75%] Built target topic_pub
[01m[K/home/kohjj27/my_ws/src/topic_ex_c/src/topic_subscriber.cpp:[m[K In constructor â€˜[01m[KMinSub::MinSub()[m[Kâ€™:
[01m[K/home/kohjj27/my_ws/src/topic_ex_c/src/topic_subscriber.cpp:16:57:[m[K [01;31m[Kerror: [m[Kâ€˜[01m[Ktopic_callbak[m[Kâ€™ is not a member of â€˜[01m[KMinSub[m[Kâ€™
   16 |                         "count", 10, std::bind(&MinSub::[01;31m[Ktopic_callbak[m[K, this, _1));
      |                                                         [01;31m[K^~~~~~~~~~~~~[m[K
gmake[2]: *** [CMakeFiles/topic_sub.dir/build.make:76: CMakeFiles/topic_sub.dir/src/topic_subscriber.cpp.o] Error 1
gmake[1]: *** [CMakeFiles/Makefile2:165: CMakeFiles/topic_sub.dir/all] Error 2
gmake: *** [Makefile:146: all] Error 2
