[0.012s] Invoking command in '/home/kohjj27/my_ws/build/topic_ex_c': CMAKE_PREFIX_PATH=/opt/ros/humble /usr/bin/cmake --build /home/kohjj27/my_ws/build/topic_ex_c -- -j16 -l16
[0.067s] [35m[1mConsolidate compiler generated dependencies of target topic_pub[0m
[0.088s] [ 50%] [32mBuilding CXX object CMakeFiles/topic_pub.dir/src/topic_publisher.cpp.o[0m
[2.402s] [01m[K/home/kohjj27/my_ws/src/topic_ex_c/src/topic_publisher.cpp:[m[K In function â€˜[01m[Kint main(int, char**)[m[Kâ€™:
[2.402s] [01m[K/home/kohjj27/my_ws/src/topic_ex_c/src/topic_publisher.cpp:42:28:[m[K [01;31m[Kerror: [m[Kinvalid conversion from â€˜[01m[Kint[m[Kâ€™ to â€˜[01m[Kconst char* const*[m[Kâ€™ [[01;31m[K]8;;https://gcc.gnu.org/onlinedocs/gcc/Warning-Options.html#index-fpermissive-fpermissive]8;;[m[K]
[2.402s]    42 |         rclcpp::init(argc, [01;31m[Kargc[m[K);
[2.402s]       |                            [01;31m[K^~~~[m[K
[2.402s]       |                            [01;31m[K|[m[K
[2.402s]       |                            [01;31m[Kint[m[K
[2.402s] In file included from [01m[K/opt/ros/humble/include/rclcpp/rclcpp/logging.hpp:25[m[K,
[2.402s]                  from [01m[K/opt/ros/humble/include/rclcpp/rclcpp/client.hpp:40[m[K,
[2.402s]                  from [01m[K/opt/ros/humble/include/rclcpp/rclcpp/callback_group.hpp:24[m[K,
[2.402s]                  from [01m[K/opt/ros/humble/include/rclcpp/rclcpp/any_executable.hpp:20[m[K,
[2.402s]                  from [01m[K/opt/ros/humble/include/rclcpp/rclcpp/memory_strategy.hpp:25[m[K,
[2.402s]                  from [01m[K/opt/ros/humble/include/rclcpp/rclcpp/memory_strategies.hpp:18[m[K,
[2.403s]                  from [01m[K/opt/ros/humble/include/rclcpp/rclcpp/executor_options.hpp:20[m[K,
[2.403s]                  from [01m[K/opt/ros/humble/include/rclcpp/rclcpp/executor.hpp:37[m[K,
[2.403s]                  from [01m[K/opt/ros/humble/include/rclcpp/rclcpp/executors/multi_threaded_executor.hpp:25[m[K,
[2.403s]                  from [01m[K/opt/ros/humble/include/rclcpp/rclcpp/executors.hpp:21[m[K,
[2.403s]                  from [01m[K/opt/ros/humble/include/rclcpp/rclcpp/rclcpp.hpp:155[m[K,
[2.403s]                  from [01m[K/home/kohjj27/my_ws/src/topic_ex_c/src/topic_publisher.cpp:6[m[K:
[2.403s] [01m[K/opt/ros/humble/include/rclcpp/rclcpp/utilities.hpp:77:24:[m[K [01;36m[Knote: [m[K  initializing argument 2 of â€˜[01m[Kvoid rclcpp::init(int, const char* const*, const rclcpp::InitOptions&, rclcpp::SignalHandlerOptions)[m[Kâ€™
[2.403s]    77 |   [01;36m[Kchar const * const * argv[m[K,
[2.403s]       |   [01;36m[K~~~~~~~~~~~~~~~~~~~~~^~~~[m[K
[2.404s] [01m[K/home/kohjj27/my_ws/src/topic_ex_c/src/topic_publisher.cpp:40:27:[m[K [01;35m[Kwarning: [m[Kunused parameter â€˜[01m[Kargv[m[Kâ€™ [[01;35m[K]8;;https://gcc.gnu.org/onlinedocs/gcc/Warning-Options.html#index-Wunused-parameter-Wunused-parameter]8;;[m[K]
[2.404s]    40 | int main(int argc, [01;35m[Kchar * argv[][m[K)
[2.404s]       |                    [01;35m[K~~~~~~~^~~~~~[m[K
[3.164s] gmake[2]: *** [CMakeFiles/topic_pub.dir/build.make:76: CMakeFiles/topic_pub.dir/src/topic_publisher.cpp.o] Error 1
[3.164s] gmake[1]: *** [CMakeFiles/Makefile2:137: CMakeFiles/topic_pub.dir/all] Error 2
[3.165s] gmake: *** [Makefile:146: all] Error 2
[3.168s] Invoked command in '/home/kohjj27/my_ws/build/topic_ex_c' returned '2': CMAKE_PREFIX_PATH=/opt/ros/humble /usr/bin/cmake --build /home/kohjj27/my_ws/build/topic_ex_c -- -j16 -l16
